<?xml version="1.0" encoding="UTF-8"?>
<!-- Generated by org.testng.reporters.JUnitXMLReporter -->
<testsuite hostname="LAPTOP-UJ85GF3T" ignored="0" name="TitleValidation" tests="1" failures="1" timestamp="2021-02-08T15:56:26 IST" time="41.084" errors="0">
  <testcase name="titleValidation" time="0.058" classname="piyush.E2EFrameworkProject_Section29.TitleValidationTest">
    <failure type="java.lang.AssertionError" message="expected [Create Account123] but found [Create Account]">
      <![CDATA[java.lang.AssertionError: expected [Create Account123] but found [Create Account]
at piyush.E2EFrameworkProject_Section29.TitleValidationTest.titleValidation(TitleValidationTest.java:38)
at java.util.ArrayList.forEach(Unknown Source)
at java.util.concurrent.FutureTask.run(Unknown Source)
at java.util.concurrent.ThreadPoolExecutor.runWorker(Unknown Source)
at java.util.concurrent.ThreadPoolExecutor$Worker.run(Unknown Source)
at java.lang.Thread.run(Unknown Source)
... Removed 24 stack frames]]>
    </failure>
  </testcase> <!-- titleValidation -->
</testsuite> <!-- TitleValidation -->
